{"/Users/tombigel/Dev/svg-path-utils/src/index.ts": {"path":"/Users/tombigel/Dev/svg-path-utils/src/index.ts","all":false,"statementMap":{"0":{"start":{"line":1,"column":0},"end":{"line":1,"column":8}},"1":{"start":{"line":2,"column":0},"end":{"line":2,"column":15}},"2":{"start":{"line":3,"column":0},"end":{"line":3,"column":15}},"3":{"start":{"line":4,"column":0},"end":{"line":4,"column":14}},"4":{"start":{"line":5,"column":0},"end":{"line":5,"column":14}},"5":{"start":{"line":6,"column":0},"end":{"line":6,"column":18}},"6":{"start":{"line":7,"column":0},"end":{"line":7,"column":13}},"7":{"start":{"line":8,"column":0},"end":{"line":8,"column":10}},"8":{"start":{"line":9,"column":0},"end":{"line":9,"column":13}},"9":{"start":{"line":10,"column":0},"end":{"line":10,"column":17}},"10":{"start":{"line":11,"column":0},"end":{"line":11,"column":13}},"11":{"start":{"line":12,"column":0},"end":{"line":12,"column":20}},"12":{"start":{"line":13,"column":0},"end":{"line":13,"column":17}},"13":{"start":{"line":14,"column":0},"end":{"line":14,"column":17}},"14":{"start":{"line":15,"column":0},"end":{"line":15,"column":0}},"15":{"start":{"line":16,"column":0},"end":{"line":16,"column":3}},"16":{"start":{"line":17,"column":0},"end":{"line":17,"column":28}},"17":{"start":{"line":18,"column":0},"end":{"line":18,"column":3}},"18":{"start":{"line":19,"column":0},"end":{"line":19,"column":115}},"19":{"start":{"line":20,"column":0},"end":{"line":20,"column":3}},"20":{"start":{"line":21,"column":0},"end":{"line":21,"column":18}},"21":{"start":{"line":22,"column":0},"end":{"line":22,"column":3}},"22":{"start":{"line":23,"column":0},"end":{"line":23,"column":51}},"23":{"start":{"line":24,"column":0},"end":{"line":24,"column":3}},"24":{"start":{"line":25,"column":0},"end":{"line":25,"column":17}},"25":{"start":{"line":26,"column":0},"end":{"line":26,"column":3}},"26":{"start":{"line":27,"column":0},"end":{"line":27,"column":51}},"27":{"start":{"line":28,"column":0},"end":{"line":28,"column":0}},"28":{"start":{"line":29,"column":0},"end":{"line":29,"column":87}},"29":{"start":{"line":30,"column":0},"end":{"line":30,"column":0}},"30":{"start":{"line":31,"column":0},"end":{"line":31,"column":51}},"31":{"start":{"line":32,"column":0},"end":{"line":32,"column":32}},"32":{"start":{"line":33,"column":0},"end":{"line":33,"column":69}},"33":{"start":{"line":34,"column":0},"end":{"line":34,"column":55}},"34":{"start":{"line":35,"column":0},"end":{"line":35,"column":41}},"35":{"start":{"line":36,"column":0},"end":{"line":36,"column":0}},"36":{"start":{"line":37,"column":0},"end":{"line":37,"column":33}},"37":{"start":{"line":38,"column":0},"end":{"line":38,"column":51}},"38":{"start":{"line":39,"column":0},"end":{"line":39,"column":67}},"39":{"start":{"line":40,"column":0},"end":{"line":40,"column":0}},"40":{"start":{"line":41,"column":0},"end":{"line":41,"column":20}},"41":{"start":{"line":42,"column":0},"end":{"line":42,"column":38}},"42":{"start":{"line":43,"column":0},"end":{"line":43,"column":5}},"43":{"start":{"line":44,"column":0},"end":{"line":44,"column":0}},"44":{"start":{"line":45,"column":0},"end":{"line":45,"column":46}},"45":{"start":{"line":46,"column":0},"end":{"line":46,"column":63}},"46":{"start":{"line":47,"column":0},"end":{"line":47,"column":6}},"47":{"start":{"line":48,"column":0},"end":{"line":48,"column":0}},"48":{"start":{"line":49,"column":0},"end":{"line":49,"column":50}},"49":{"start":{"line":50,"column":0},"end":{"line":50,"column":50}},"50":{"start":{"line":51,"column":0},"end":{"line":51,"column":52}},"51":{"start":{"line":52,"column":0},"end":{"line":52,"column":21}},"52":{"start":{"line":53,"column":0},"end":{"line":53,"column":7}},"53":{"start":{"line":54,"column":0},"end":{"line":54,"column":0}},"54":{"start":{"line":55,"column":0},"end":{"line":55,"column":38}},"55":{"start":{"line":56,"column":0},"end":{"line":56,"column":48}},"56":{"start":{"line":57,"column":0},"end":{"line":57,"column":63}},"57":{"start":{"line":58,"column":0},"end":{"line":58,"column":8}},"58":{"start":{"line":59,"column":0},"end":{"line":59,"column":77}},"59":{"start":{"line":60,"column":0},"end":{"line":60,"column":5}},"60":{"start":{"line":61,"column":0},"end":{"line":61,"column":0}},"61":{"start":{"line":62,"column":0},"end":{"line":62,"column":17}},"62":{"start":{"line":63,"column":0},"end":{"line":63,"column":5}},"63":{"start":{"line":64,"column":0},"end":{"line":64,"column":14}},"64":{"start":{"line":65,"column":0},"end":{"line":65,"column":1}},"65":{"start":{"line":66,"column":0},"end":{"line":66,"column":0}},"66":{"start":{"line":67,"column":0},"end":{"line":67,"column":59}},"67":{"start":{"line":68,"column":0},"end":{"line":68,"column":94}},"68":{"start":{"line":69,"column":0},"end":{"line":69,"column":1}},"69":{"start":{"line":70,"column":0},"end":{"line":70,"column":0}},"70":{"start":{"line":71,"column":0},"end":{"line":71,"column":95}},"71":{"start":{"line":72,"column":0},"end":{"line":72,"column":45}},"72":{"start":{"line":73,"column":0},"end":{"line":73,"column":36}},"73":{"start":{"line":74,"column":0},"end":{"line":74,"column":0}},"74":{"start":{"line":75,"column":0},"end":{"line":75,"column":37}},"75":{"start":{"line":76,"column":0},"end":{"line":76,"column":44}},"76":{"start":{"line":77,"column":0},"end":{"line":77,"column":21}},"77":{"start":{"line":78,"column":0},"end":{"line":78,"column":5}},"78":{"start":{"line":79,"column":0},"end":{"line":79,"column":0}},"79":{"start":{"line":80,"column":0},"end":{"line":80,"column":37}},"80":{"start":{"line":81,"column":0},"end":{"line":81,"column":47}},"81":{"start":{"line":82,"column":0},"end":{"line":82,"column":26}},"82":{"start":{"line":83,"column":0},"end":{"line":83,"column":26}},"83":{"start":{"line":84,"column":0},"end":{"line":84,"column":26}},"84":{"start":{"line":85,"column":0},"end":{"line":85,"column":26}},"85":{"start":{"line":86,"column":0},"end":{"line":86,"column":24}},"86":{"start":{"line":87,"column":0},"end":{"line":87,"column":5}},"87":{"start":{"line":88,"column":0},"end":{"line":88,"column":0}},"88":{"start":{"line":89,"column":0},"end":{"line":89,"column":96}},"89":{"start":{"line":90,"column":0},"end":{"line":90,"column":5}},"90":{"start":{"line":91,"column":0},"end":{"line":91,"column":1}},"91":{"start":{"line":92,"column":0},"end":{"line":92,"column":0}},"92":{"start":{"line":93,"column":0},"end":{"line":93,"column":60}},"93":{"start":{"line":94,"column":0},"end":{"line":94,"column":17}},"94":{"start":{"line":95,"column":0},"end":{"line":95,"column":17}},"95":{"start":{"line":96,"column":0},"end":{"line":96,"column":12}},"96":{"start":{"line":97,"column":0},"end":{"line":97,"column":12}},"97":{"start":{"line":98,"column":0},"end":{"line":98,"column":0}},"98":{"start":{"line":99,"column":0},"end":{"line":99,"column":32}},"99":{"start":{"line":100,"column":0},"end":{"line":100,"column":36}},"100":{"start":{"line":101,"column":0},"end":{"line":101,"column":57}},"101":{"start":{"line":102,"column":0},"end":{"line":102,"column":47}},"102":{"start":{"line":103,"column":0},"end":{"line":103,"column":0}},"103":{"start":{"line":104,"column":0},"end":{"line":104,"column":18}},"104":{"start":{"line":105,"column":0},"end":{"line":105,"column":26}},"105":{"start":{"line":106,"column":0},"end":{"line":106,"column":27}},"106":{"start":{"line":107,"column":0},"end":{"line":107,"column":21}},"107":{"start":{"line":108,"column":0},"end":{"line":108,"column":17}},"108":{"start":{"line":109,"column":0},"end":{"line":109,"column":42}},"109":{"start":{"line":110,"column":0},"end":{"line":110,"column":42}},"110":{"start":{"line":111,"column":0},"end":{"line":111,"column":16}},"111":{"start":{"line":112,"column":0},"end":{"line":112,"column":17}},"112":{"start":{"line":113,"column":0},"end":{"line":113,"column":47}},"113":{"start":{"line":114,"column":0},"end":{"line":114,"column":16}},"114":{"start":{"line":115,"column":0},"end":{"line":115,"column":17}},"115":{"start":{"line":116,"column":0},"end":{"line":116,"column":49}},"116":{"start":{"line":117,"column":0},"end":{"line":117,"column":16}},"117":{"start":{"line":118,"column":0},"end":{"line":118,"column":16}},"118":{"start":{"line":119,"column":0},"end":{"line":119,"column":49}},"119":{"start":{"line":120,"column":0},"end":{"line":120,"column":42}},"120":{"start":{"line":121,"column":0},"end":{"line":121,"column":42}},"121":{"start":{"line":122,"column":0},"end":{"line":122,"column":11}},"122":{"start":{"line":123,"column":0},"end":{"line":123,"column":7}},"123":{"start":{"line":124,"column":0},"end":{"line":124,"column":5}},"124":{"start":{"line":125,"column":0},"end":{"line":125,"column":0}},"125":{"start":{"line":126,"column":0},"end":{"line":126,"column":26}},"126":{"start":{"line":127,"column":0},"end":{"line":127,"column":22}},"127":{"start":{"line":128,"column":0},"end":{"line":128,"column":15}},"128":{"start":{"line":129,"column":0},"end":{"line":129,"column":19}},"129":{"start":{"line":130,"column":0},"end":{"line":130,"column":19}},"130":{"start":{"line":131,"column":0},"end":{"line":131,"column":14}},"131":{"start":{"line":132,"column":0},"end":{"line":132,"column":15}},"132":{"start":{"line":133,"column":0},"end":{"line":133,"column":47}},"133":{"start":{"line":134,"column":0},"end":{"line":134,"column":14}},"134":{"start":{"line":135,"column":0},"end":{"line":135,"column":15}},"135":{"start":{"line":136,"column":0},"end":{"line":136,"column":45}},"136":{"start":{"line":137,"column":0},"end":{"line":137,"column":14}},"137":{"start":{"line":138,"column":0},"end":{"line":138,"column":15}},"138":{"start":{"line":139,"column":0},"end":{"line":139,"column":41}},"139":{"start":{"line":140,"column":0},"end":{"line":140,"column":41}},"140":{"start":{"line":141,"column":0},"end":{"line":141,"column":46}},"141":{"start":{"line":142,"column":0},"end":{"line":142,"column":46}},"142":{"start":{"line":143,"column":0},"end":{"line":143,"column":14}},"143":{"start":{"line":144,"column":0},"end":{"line":144,"column":14}},"144":{"start":{"line":145,"column":0},"end":{"line":145,"column":51}},"145":{"start":{"line":146,"column":0},"end":{"line":146,"column":51}},"146":{"start":{"line":147,"column":0},"end":{"line":147,"column":5}},"147":{"start":{"line":148,"column":0},"end":{"line":148,"column":0}},"148":{"start":{"line":149,"column":0},"end":{"line":149,"column":19}},"149":{"start":{"line":150,"column":0},"end":{"line":150,"column":5}},"150":{"start":{"line":151,"column":0},"end":{"line":151,"column":1}},"151":{"start":{"line":152,"column":0},"end":{"line":152,"column":0}},"152":{"start":{"line":153,"column":0},"end":{"line":153,"column":60}},"153":{"start":{"line":154,"column":0},"end":{"line":154,"column":17}},"154":{"start":{"line":155,"column":0},"end":{"line":155,"column":17}},"155":{"start":{"line":156,"column":0},"end":{"line":156,"column":12}},"156":{"start":{"line":157,"column":0},"end":{"line":157,"column":12}},"157":{"start":{"line":158,"column":0},"end":{"line":158,"column":0}},"158":{"start":{"line":159,"column":0},"end":{"line":159,"column":32}},"159":{"start":{"line":160,"column":0},"end":{"line":160,"column":36}},"160":{"start":{"line":161,"column":0},"end":{"line":161,"column":57}},"161":{"start":{"line":162,"column":0},"end":{"line":162,"column":47}},"162":{"start":{"line":163,"column":0},"end":{"line":163,"column":0}},"163":{"start":{"line":164,"column":0},"end":{"line":164,"column":18}},"164":{"start":{"line":165,"column":0},"end":{"line":165,"column":26}},"165":{"start":{"line":166,"column":0},"end":{"line":166,"column":27}},"166":{"start":{"line":167,"column":0},"end":{"line":167,"column":21}},"167":{"start":{"line":168,"column":0},"end":{"line":168,"column":17}},"168":{"start":{"line":169,"column":0},"end":{"line":169,"column":42}},"169":{"start":{"line":170,"column":0},"end":{"line":170,"column":42}},"170":{"start":{"line":171,"column":0},"end":{"line":171,"column":16}},"171":{"start":{"line":172,"column":0},"end":{"line":172,"column":17}},"172":{"start":{"line":173,"column":0},"end":{"line":173,"column":47}},"173":{"start":{"line":174,"column":0},"end":{"line":174,"column":16}},"174":{"start":{"line":175,"column":0},"end":{"line":175,"column":17}},"175":{"start":{"line":176,"column":0},"end":{"line":176,"column":49}},"176":{"start":{"line":177,"column":0},"end":{"line":177,"column":16}},"177":{"start":{"line":178,"column":0},"end":{"line":178,"column":16}},"178":{"start":{"line":179,"column":0},"end":{"line":179,"column":49}},"179":{"start":{"line":180,"column":0},"end":{"line":180,"column":42}},"180":{"start":{"line":181,"column":0},"end":{"line":181,"column":42}},"181":{"start":{"line":182,"column":0},"end":{"line":182,"column":11}},"182":{"start":{"line":183,"column":0},"end":{"line":183,"column":7}},"183":{"start":{"line":184,"column":0},"end":{"line":184,"column":5}},"184":{"start":{"line":185,"column":0},"end":{"line":185,"column":0}},"185":{"start":{"line":186,"column":0},"end":{"line":186,"column":26}},"186":{"start":{"line":187,"column":0},"end":{"line":187,"column":22}},"187":{"start":{"line":188,"column":0},"end":{"line":188,"column":15}},"188":{"start":{"line":189,"column":0},"end":{"line":189,"column":19}},"189":{"start":{"line":190,"column":0},"end":{"line":190,"column":19}},"190":{"start":{"line":191,"column":0},"end":{"line":191,"column":14}},"191":{"start":{"line":192,"column":0},"end":{"line":192,"column":15}},"192":{"start":{"line":193,"column":0},"end":{"line":193,"column":46}},"193":{"start":{"line":194,"column":0},"end":{"line":194,"column":14}},"194":{"start":{"line":195,"column":0},"end":{"line":195,"column":15}},"195":{"start":{"line":196,"column":0},"end":{"line":196,"column":44}},"196":{"start":{"line":197,"column":0},"end":{"line":197,"column":14}},"197":{"start":{"line":198,"column":0},"end":{"line":198,"column":15}},"198":{"start":{"line":199,"column":0},"end":{"line":199,"column":76}},"199":{"start":{"line":200,"column":0},"end":{"line":200,"column":34}},"200":{"start":{"line":201,"column":0},"end":{"line":201,"column":14}},"201":{"start":{"line":202,"column":0},"end":{"line":202,"column":14}},"202":{"start":{"line":203,"column":0},"end":{"line":203,"column":96}},"203":{"start":{"line":204,"column":0},"end":{"line":204,"column":5}},"204":{"start":{"line":205,"column":0},"end":{"line":205,"column":0}},"205":{"start":{"line":206,"column":0},"end":{"line":206,"column":19}},"206":{"start":{"line":207,"column":0},"end":{"line":207,"column":5}},"207":{"start":{"line":208,"column":0},"end":{"line":208,"column":1}},"208":{"start":{"line":209,"column":0},"end":{"line":209,"column":0}},"209":{"start":{"line":210,"column":0},"end":{"line":210,"column":73}},"210":{"start":{"line":211,"column":0},"end":{"line":211,"column":59}},"211":{"start":{"line":212,"column":0},"end":{"line":212,"column":1}}},"s":{"0":1,"1":1,"2":1,"3":1,"4":1,"5":1,"6":1,"7":1,"8":1,"9":1,"10":1,"11":1,"12":1,"13":1,"14":1,"15":1,"16":1,"17":1,"18":1,"19":1,"20":1,"21":1,"22":1,"23":1,"24":1,"25":1,"26":1,"27":1,"28":1,"29":1,"30":5,"31":5,"32":5,"33":14,"34":14,"35":14,"36":14,"37":14,"38":2,"39":2,"40":2,"41":2,"42":2,"43":14,"44":14,"45":1,"46":14,"47":13,"48":14,"49":14,"50":13,"51":13,"52":13,"53":1,"54":1,"55":14,"56":0,"57":14,"58":1,"59":1,"60":0,"61":0,"62":5,"63":5,"64":5,"65":1,"66":2,"67":2,"68":2,"69":1,"70":2,"71":2,"72":4,"73":4,"74":4,"75":0,"76":0,"77":0,"78":4,"79":4,"80":0,"81":0,"82":0,"83":0,"84":0,"85":0,"86":0,"87":4,"88":4,"89":2,"90":2,"91":1,"92":1,"93":1,"94":1,"95":1,"96":1,"97":1,"98":1,"99":2,"100":2,"101":2,"102":2,"103":2,"104":2,"105":2,"106":2,"107":2,"108":0,"109":0,"110":0,"111":2,"112":0,"113":0,"114":2,"115":0,"116":0,"117":2,"118":2,"119":2,"120":2,"121":2,"122":2,"123":2,"124":2,"125":2,"126":2,"127":2,"128":0,"129":0,"130":0,"131":2,"132":0,"133":0,"134":2,"135":0,"136":0,"137":2,"138":1,"139":1,"140":1,"141":1,"142":1,"143":2,"144":1,"145":1,"146":2,"147":2,"148":2,"149":1,"150":1,"151":1,"152":1,"153":1,"154":1,"155":1,"156":1,"157":1,"158":1,"159":2,"160":2,"161":2,"162":2,"163":2,"164":2,"165":2,"166":2,"167":2,"168":0,"169":0,"170":0,"171":2,"172":0,"173":0,"174":2,"175":0,"176":0,"177":2,"178":2,"179":2,"180":2,"181":2,"182":2,"183":2,"184":2,"185":2,"186":2,"187":2,"188":0,"189":0,"190":0,"191":2,"192":0,"193":0,"194":2,"195":0,"196":0,"197":2,"198":1,"199":1,"200":1,"201":2,"202":1,"203":2,"204":2,"205":2,"206":1,"207":1,"208":1,"209":1,"210":1,"211":1},"branchMap":{"0":{"type":"branch","line":29,"loc":{"start":{"line":29,"column":20},"end":{"line":29,"column":86}},"locations":[{"start":{"line":29,"column":20},"end":{"line":29,"column":86}}]},"1":{"type":"branch","line":29,"loc":{"start":{"line":29,"column":67},"end":{"line":29,"column":73}},"locations":[{"start":{"line":29,"column":67},"end":{"line":29,"column":73}}]},"2":{"type":"branch","line":31,"loc":{"start":{"line":31,"column":0},"end":{"line":65,"column":1}},"locations":[{"start":{"line":31,"column":0},"end":{"line":65,"column":1}}]},"3":{"type":"branch","line":33,"loc":{"start":{"line":33,"column":24},"end":{"line":63,"column":3}},"locations":[{"start":{"line":33,"column":24},"end":{"line":63,"column":3}}]},"4":{"type":"branch","line":38,"loc":{"start":{"line":38,"column":23},"end":{"line":38,"column":48}},"locations":[{"start":{"line":38,"column":23},"end":{"line":38,"column":48}}]},"5":{"type":"branch","line":38,"loc":{"start":{"line":38,"column":50},"end":{"line":43,"column":5}},"locations":[{"start":{"line":38,"column":50},"end":{"line":43,"column":5}}]},"6":{"type":"branch","line":42,"loc":{"start":{"line":42,"column":26},"end":{"line":42,"column":31}},"locations":[{"start":{"line":42,"column":26},"end":{"line":42,"column":31}}]},"7":{"type":"branch","line":45,"loc":{"start":{"line":45,"column":45},"end":{"line":47,"column":5}},"locations":[{"start":{"line":45,"column":45},"end":{"line":47,"column":5}}]},"8":{"type":"branch","line":47,"loc":{"start":{"line":47,"column":5},"end":{"line":49,"column":49}},"locations":[{"start":{"line":47,"column":5},"end":{"line":49,"column":49}}]},"9":{"type":"branch","line":50,"loc":{"start":{"line":50,"column":49},"end":{"line":53,"column":7}},"locations":[{"start":{"line":50,"column":49},"end":{"line":53,"column":7}}]},"10":{"type":"branch","line":54,"loc":{"start":{"line":54,"column":-1},"end":{"line":56,"column":47}},"locations":[{"start":{"line":54,"column":-1},"end":{"line":56,"column":47}}]},"11":{"type":"branch","line":56,"loc":{"start":{"line":56,"column":47},"end":{"line":58,"column":7}},"locations":[{"start":{"line":56,"column":47},"end":{"line":58,"column":7}}]},"12":{"type":"branch","line":58,"loc":{"start":{"line":58,"column":7},"end":{"line":60,"column":5}},"locations":[{"start":{"line":58,"column":7},"end":{"line":60,"column":5}}]},"13":{"type":"branch","line":61,"loc":{"start":{"line":61,"column":-1},"end":{"line":63,"column":3}},"locations":[{"start":{"line":61,"column":-1},"end":{"line":63,"column":3}}]},"14":{"type":"branch","line":67,"loc":{"start":{"line":67,"column":0},"end":{"line":69,"column":1}},"locations":[{"start":{"line":67,"column":0},"end":{"line":69,"column":1}}]},"15":{"type":"branch","line":68,"loc":{"start":{"line":68,"column":25},"end":{"line":68,"column":88}},"locations":[{"start":{"line":68,"column":25},"end":{"line":68,"column":88}}]},"16":{"type":"branch","line":71,"loc":{"start":{"line":71,"column":0},"end":{"line":91,"column":1}},"locations":[{"start":{"line":71,"column":0},"end":{"line":91,"column":1}}]},"17":{"type":"branch","line":72,"loc":{"start":{"line":72,"column":31},"end":{"line":90,"column":3}},"locations":[{"start":{"line":72,"column":31},"end":{"line":90,"column":3}}]},"18":{"type":"branch","line":75,"loc":{"start":{"line":75,"column":36},"end":{"line":78,"column":5}},"locations":[{"start":{"line":75,"column":36},"end":{"line":78,"column":5}}]},"19":{"type":"branch","line":80,"loc":{"start":{"line":80,"column":36},"end":{"line":87,"column":5}},"locations":[{"start":{"line":80,"column":36},"end":{"line":87,"column":5}}]},"20":{"type":"branch","line":89,"loc":{"start":{"line":89,"column":30},"end":{"line":89,"column":82}},"locations":[{"start":{"line":89,"column":30},"end":{"line":89,"column":82}}]},"21":{"type":"branch","line":89,"loc":{"start":{"line":89,"column":72},"end":{"line":89,"column":76}},"locations":[{"start":{"line":89,"column":72},"end":{"line":89,"column":76}}]},"22":{"type":"branch","line":89,"loc":{"start":{"line":89,"column":77},"end":{"line":89,"column":81}},"locations":[{"start":{"line":89,"column":77},"end":{"line":89,"column":81}}]},"23":{"type":"branch","line":93,"loc":{"start":{"line":93,"column":0},"end":{"line":151,"column":1}},"locations":[{"start":{"line":93,"column":0},"end":{"line":151,"column":1}}]},"24":{"type":"branch","line":99,"loc":{"start":{"line":99,"column":18},"end":{"line":150,"column":3}},"locations":[{"start":{"line":99,"column":18},"end":{"line":150,"column":3}}]},"25":{"type":"branch","line":108,"loc":{"start":{"line":108,"column":8},"end":{"line":111,"column":16}},"locations":[{"start":{"line":108,"column":8},"end":{"line":111,"column":16}}]},"26":{"type":"branch","line":112,"loc":{"start":{"line":112,"column":8},"end":{"line":114,"column":16}},"locations":[{"start":{"line":112,"column":8},"end":{"line":114,"column":16}}]},"27":{"type":"branch","line":115,"loc":{"start":{"line":115,"column":8},"end":{"line":117,"column":16}},"locations":[{"start":{"line":115,"column":8},"end":{"line":117,"column":16}}]},"28":{"type":"branch","line":128,"loc":{"start":{"line":128,"column":6},"end":{"line":131,"column":14}},"locations":[{"start":{"line":128,"column":6},"end":{"line":131,"column":14}}]},"29":{"type":"branch","line":132,"loc":{"start":{"line":132,"column":6},"end":{"line":134,"column":14}},"locations":[{"start":{"line":132,"column":6},"end":{"line":134,"column":14}}]},"30":{"type":"branch","line":135,"loc":{"start":{"line":135,"column":6},"end":{"line":137,"column":14}},"locations":[{"start":{"line":135,"column":6},"end":{"line":137,"column":14}}]},"31":{"type":"branch","line":138,"loc":{"start":{"line":138,"column":6},"end":{"line":143,"column":14}},"locations":[{"start":{"line":138,"column":6},"end":{"line":143,"column":14}}]},"32":{"type":"branch","line":144,"loc":{"start":{"line":144,"column":6},"end":{"line":146,"column":51}},"locations":[{"start":{"line":144,"column":6},"end":{"line":146,"column":51}}]},"33":{"type":"branch","line":153,"loc":{"start":{"line":153,"column":0},"end":{"line":208,"column":1}},"locations":[{"start":{"line":153,"column":0},"end":{"line":208,"column":1}}]},"34":{"type":"branch","line":159,"loc":{"start":{"line":159,"column":18},"end":{"line":207,"column":3}},"locations":[{"start":{"line":159,"column":18},"end":{"line":207,"column":3}}]},"35":{"type":"branch","line":168,"loc":{"start":{"line":168,"column":8},"end":{"line":171,"column":16}},"locations":[{"start":{"line":168,"column":8},"end":{"line":171,"column":16}}]},"36":{"type":"branch","line":172,"loc":{"start":{"line":172,"column":8},"end":{"line":174,"column":16}},"locations":[{"start":{"line":172,"column":8},"end":{"line":174,"column":16}}]},"37":{"type":"branch","line":175,"loc":{"start":{"line":175,"column":8},"end":{"line":177,"column":16}},"locations":[{"start":{"line":175,"column":8},"end":{"line":177,"column":16}}]},"38":{"type":"branch","line":188,"loc":{"start":{"line":188,"column":6},"end":{"line":191,"column":14}},"locations":[{"start":{"line":188,"column":6},"end":{"line":191,"column":14}}]},"39":{"type":"branch","line":192,"loc":{"start":{"line":192,"column":6},"end":{"line":194,"column":14}},"locations":[{"start":{"line":192,"column":6},"end":{"line":194,"column":14}}]},"40":{"type":"branch","line":195,"loc":{"start":{"line":195,"column":6},"end":{"line":197,"column":14}},"locations":[{"start":{"line":195,"column":6},"end":{"line":197,"column":14}}]},"41":{"type":"branch","line":198,"loc":{"start":{"line":198,"column":6},"end":{"line":201,"column":14}},"locations":[{"start":{"line":198,"column":6},"end":{"line":201,"column":14}}]},"42":{"type":"branch","line":202,"loc":{"start":{"line":202,"column":6},"end":{"line":203,"column":96}},"locations":[{"start":{"line":202,"column":6},"end":{"line":203,"column":96}}]},"43":{"type":"branch","line":210,"loc":{"start":{"line":210,"column":0},"end":{"line":212,"column":1}},"locations":[{"start":{"line":210,"column":0},"end":{"line":212,"column":1}}]}},"b":{"0":[14],"1":[3],"2":[5],"3":[14],"4":[5],"5":[2],"6":[0],"7":[1],"8":[13],"9":[13],"10":[1],"11":[0],"12":[1],"13":[0],"14":[2],"15":[4],"16":[2],"17":[4],"18":[0],"19":[0],"20":[8],"21":[4],"22":[4],"23":[1],"24":[2],"25":[0],"26":[0],"27":[0],"28":[0],"29":[0],"30":[0],"31":[1],"32":[1],"33":[1],"34":[2],"35":[0],"36":[0],"37":[0],"38":[0],"39":[0],"40":[0],"41":[1],"42":[1],"43":[1]},"fnMap":{"0":{"name":"parseValues","decl":{"start":{"line":29,"column":20},"end":{"line":29,"column":86}},"loc":{"start":{"line":29,"column":20},"end":{"line":29,"column":86}},"line":29},"1":{"name":"parse","decl":{"start":{"line":31,"column":0},"end":{"line":65,"column":1}},"loc":{"start":{"line":31,"column":0},"end":{"line":65,"column":1}},"line":31},"2":{"name":"serialize","decl":{"start":{"line":67,"column":0},"end":{"line":69,"column":1}},"loc":{"start":{"line":67,"column":0},"end":{"line":69,"column":1}},"line":67},"3":{"name":"scaleSegments","decl":{"start":{"line":71,"column":0},"end":{"line":91,"column":1}},"loc":{"start":{"line":71,"column":0},"end":{"line":91,"column":1}},"line":71},"4":{"name":"relative","decl":{"start":{"line":93,"column":0},"end":{"line":151,"column":1}},"loc":{"start":{"line":93,"column":0},"end":{"line":151,"column":1}},"line":93},"5":{"name":"absolute","decl":{"start":{"line":153,"column":0},"end":{"line":208,"column":1}},"loc":{"start":{"line":153,"column":0},"end":{"line":208,"column":1}},"line":153},"6":{"name":"scalePath","decl":{"start":{"line":210,"column":0},"end":{"line":212,"column":1}},"loc":{"start":{"line":210,"column":0},"end":{"line":212,"column":1}},"line":210}},"f":{"0":14,"1":5,"2":2,"3":2,"4":1,"5":1,"6":1}}
}
