TN:
SF:src/index.ts
FN:29,parseValues
FN:31,parse
FN:67,serialize
FN:71,scaleSegments
FN:93,relative
FN:153,absolute
FN:210,scalePath
FNF:7
FNH:7
FNDA:14,parseValues
FNDA:5,parse
FNDA:2,serialize
FNDA:2,scaleSegments
FNDA:1,relative
FNDA:1,absolute
FNDA:1,scalePath
DA:1,1
DA:2,1
DA:3,1
DA:4,1
DA:5,1
DA:6,1
DA:7,1
DA:8,1
DA:9,1
DA:10,1
DA:11,1
DA:12,1
DA:13,1
DA:14,1
DA:15,1
DA:16,1
DA:17,1
DA:18,1
DA:19,1
DA:20,1
DA:21,1
DA:22,1
DA:23,1
DA:24,1
DA:25,1
DA:26,1
DA:27,1
DA:28,1
DA:29,1
DA:30,1
DA:31,5
DA:32,5
DA:33,5
DA:34,14
DA:35,14
DA:36,14
DA:37,14
DA:38,14
DA:39,2
DA:40,2
DA:41,2
DA:42,2
DA:43,2
DA:44,14
DA:45,14
DA:46,1
DA:47,14
DA:48,13
DA:49,14
DA:50,14
DA:51,13
DA:52,13
DA:53,13
DA:54,1
DA:55,1
DA:56,14
DA:57,0
DA:58,14
DA:59,1
DA:60,1
DA:61,0
DA:62,0
DA:63,5
DA:64,5
DA:65,5
DA:66,1
DA:67,2
DA:68,2
DA:69,2
DA:70,1
DA:71,2
DA:72,2
DA:73,4
DA:74,4
DA:75,4
DA:76,0
DA:77,0
DA:78,0
DA:79,4
DA:80,4
DA:81,0
DA:82,0
DA:83,0
DA:84,0
DA:85,0
DA:86,0
DA:87,0
DA:88,4
DA:89,4
DA:90,2
DA:91,2
DA:92,1
DA:93,1
DA:94,1
DA:95,1
DA:96,1
DA:97,1
DA:98,1
DA:99,1
DA:100,2
DA:101,2
DA:102,2
DA:103,2
DA:104,2
DA:105,2
DA:106,2
DA:107,2
DA:108,2
DA:109,0
DA:110,0
DA:111,0
DA:112,2
DA:113,0
DA:114,0
DA:115,2
DA:116,0
DA:117,0
DA:118,2
DA:119,2
DA:120,2
DA:121,2
DA:122,2
DA:123,2
DA:124,2
DA:125,2
DA:126,2
DA:127,2
DA:128,2
DA:129,0
DA:130,0
DA:131,0
DA:132,2
DA:133,0
DA:134,0
DA:135,2
DA:136,0
DA:137,0
DA:138,2
DA:139,1
DA:140,1
DA:141,1
DA:142,1
DA:143,1
DA:144,2
DA:145,1
DA:146,1
DA:147,2
DA:148,2
DA:149,2
DA:150,1
DA:151,1
DA:152,1
DA:153,1
DA:154,1
DA:155,1
DA:156,1
DA:157,1
DA:158,1
DA:159,1
DA:160,2
DA:161,2
DA:162,2
DA:163,2
DA:164,2
DA:165,2
DA:166,2
DA:167,2
DA:168,2
DA:169,0
DA:170,0
DA:171,0
DA:172,2
DA:173,0
DA:174,0
DA:175,2
DA:176,0
DA:177,0
DA:178,2
DA:179,2
DA:180,2
DA:181,2
DA:182,2
DA:183,2
DA:184,2
DA:185,2
DA:186,2
DA:187,2
DA:188,2
DA:189,0
DA:190,0
DA:191,0
DA:192,2
DA:193,0
DA:194,0
DA:195,2
DA:196,0
DA:197,0
DA:198,2
DA:199,1
DA:200,1
DA:201,1
DA:202,2
DA:203,1
DA:204,2
DA:205,2
DA:206,2
DA:207,1
DA:208,1
DA:209,1
DA:210,1
DA:211,1
DA:212,1
LF:212
LH:171
BRDA:29,0,0,14
BRDA:29,1,0,3
BRDA:31,2,0,5
BRDA:33,3,0,14
BRDA:38,4,0,5
BRDA:38,5,0,2
BRDA:42,6,0,0
BRDA:45,7,0,1
BRDA:47,8,0,13
BRDA:50,9,0,13
BRDA:54,10,0,1
BRDA:56,11,0,0
BRDA:58,12,0,1
BRDA:61,13,0,0
BRDA:67,14,0,2
BRDA:68,15,0,4
BRDA:71,16,0,2
BRDA:72,17,0,4
BRDA:75,18,0,0
BRDA:80,19,0,0
BRDA:89,20,0,8
BRDA:89,21,0,4
BRDA:89,22,0,4
BRDA:93,23,0,1
BRDA:99,24,0,2
BRDA:108,25,0,0
BRDA:112,26,0,0
BRDA:115,27,0,0
BRDA:128,28,0,0
BRDA:132,29,0,0
BRDA:135,30,0,0
BRDA:138,31,0,1
BRDA:144,32,0,1
BRDA:153,33,0,1
BRDA:159,34,0,2
BRDA:168,35,0,0
BRDA:172,36,0,0
BRDA:175,37,0,0
BRDA:188,38,0,0
BRDA:192,39,0,0
BRDA:195,40,0,0
BRDA:198,41,0,1
BRDA:202,42,0,1
BRDA:210,43,0,1
BRF:44
BRH:27
end_of_record
